#-----------------------------------------------------------
# Vivado v2018.3 (64-bit)
# SW Build 2405991 on Thu Dec  6 23:38:27 MST 2018
# IP Build 2404404 on Fri Dec  7 01:43:56 MST 2018
# Start of session at: Mon Dec  6 15:38:59 2021
# Process ID: 21248
# Current directory: D:/ProgrammingMonkey/diglogic/sequence_detection
# Command line: vivado.exe -gui_launcher_event rodinguilauncherevent18364 D:\ProgrammingMonkey\diglogic\sequence_detection\sequence_detection.xpr
# Log file: D:/ProgrammingMonkey/diglogic/sequence_detection/vivado.log
# Journal file: D:/ProgrammingMonkey/diglogic/sequence_detection\vivado.jou
#-----------------------------------------------------------
start_gui
open_project D:/ProgrammingMonkey/diglogic/sequence_detection/sequence_detection.xpr
Scanning sources...
Finished scanning sources
INFO: [IP_Flow 19-234] Refreshing IP repositories
INFO: [IP_Flow 19-1704] No user IP repositories specified
INFO: [IP_Flow 19-2313] Loaded Vivado IP repository 'D:/Vivado2018_3/Vivado/2018.3/data/ip'.
set_property SOURCE_SET sources_1 [get_filesets sim_1]
add_files -fileset sim_1 -norecurse D:/ProgrammingMonkey/diglogic/sequence_detection/testbench.v
add_files -norecurse D:/ProgrammingMonkey/diglogic/sequence_detection/sequence_detection.v
update_compile_order -fileset sources_1
exit
INFO: [Common 17-206] Exiting Vivado at Mon Dec  6 15:40:27 2021...
