#-----------------------------------------------------------
# Vivado v2018.3 (64-bit)
# SW Build 2405991 on Thu Dec  6 23:38:27 MST 2018
# IP Build 2404404 on Fri Dec  7 01:43:56 MST 2018
# Start of session at: Thu May  5 10:48:08 2022
# Process ID: 3948
# Current directory: D:/ProgrammingMonkey/diglogic/decoder_38/decoder_38/decoder_38
# Command line: vivado.exe -gui_launcher_event rodinguilauncherevent7516 D:\ProgrammingMonkey\diglogic\decoder_38\decoder_38\decoder_38\decoder_38.xpr
# Log file: D:/ProgrammingMonkey/diglogic/decoder_38/decoder_38/decoder_38/vivado.log
# Journal file: D:/ProgrammingMonkey/diglogic/decoder_38/decoder_38/decoder_38\vivado.jou
#-----------------------------------------------------------
start_gui
open_project D:/ProgrammingMonkey/diglogic/decoder_38/decoder_38/decoder_38/decoder_38.xpr
Scanning sources...
Finished scanning sources
INFO: [IP_Flow 19-234] Refreshing IP repositories
INFO: [IP_Flow 19-1704] No user IP repositories specified
INFO: [IP_Flow 19-2313] Loaded Vivado IP repository 'D:/Vivado2018_3/Vivado/2018.3/data/ip'.
open_project: Time (s): cpu = 00:00:16 ; elapsed = 00:00:06 . Memory (MB): peak = 713.012 ; gain = 96.414
update_compile_order -fileset sources_1
exit
INFO: [Common 17-206] Exiting Vivado at Thu May  5 10:50:29 2022...
