#-----------------------------------------------------------
# Vivado v2018.3 (64-bit)
# SW Build 2405991 on Thu Dec  6 23:38:27 MST 2018
# IP Build 2404404 on Fri Dec  7 01:43:56 MST 2018
# Start of session at: Tue Nov 23 09:45:16 2021
# Process ID: 3716
# Current directory: D:/ProgrammingMonkey/diglogic/memory_w_r
# Command line: vivado.exe -gui_launcher_event rodinguilauncherevent13824 D:\ProgrammingMonkey\diglogic\memory_w_r\memory_w_r.xpr
# Log file: D:/ProgrammingMonkey/diglogic/memory_w_r/vivado.log
# Journal file: D:/ProgrammingMonkey/diglogic/memory_w_r\vivado.jou
#-----------------------------------------------------------
start_gui
open_project D:/ProgrammingMonkey/diglogic/memory_w_r/memory_w_r.xpr
INFO: [Project 1-313] Project file moved from 'C:/Users/Administrator/Desktop/memory_w_r' since last save.
Scanning sources...
Finished scanning sources
INFO: [IP_Flow 19-234] Refreshing IP repositories
INFO: [IP_Flow 19-1704] No user IP repositories specified
INFO: [IP_Flow 19-2313] Loaded Vivado IP repository 'D:/Vivado2018_3/Vivado/2018.3/data/ip'.
open_project: Time (s): cpu = 00:00:32 ; elapsed = 00:00:12 . Memory (MB): peak = 687.883 ; gain = 93.980
update_compile_order -fileset sources_1
launch_simulation
INFO: [Vivado 12-5698] Checking validity of IPs in the design for the 'XSim' simulator...
INFO: [Vivado 12-5682] Launching behavioral simulation in 'D:/ProgrammingMonkey/diglogic/memory_w_r/memory_w_r.sim/sim_1/behav/xsim'
INFO: [Vivado 12-4795] Using compiled simulation libraries for IPs
INFO: [SIM-utils-51] Simulation object is 'sim_1'
INFO: [USF-XSim-7] Finding pre-compiled libraries...
INFO: [USF-XSim-11] File 'D:/Vivado2018_3/Vivado/2018.3/data/xsim/xsim.ini' copied to run dir:'D:/ProgrammingMonkey/diglogic/memory_w_r/memory_w_r.sim/sim_1/behav/xsim'
INFO: [SIM-utils-54] Inspecting design source files for 'testbench' in fileset 'sim_1'...
INFO: [USF-XSim-97] Finding global include files...
INFO: [USF-XSim-98] Fetching design files from 'sim_1'...
INFO: [USF-XSim-2] XSim::Compile design
INFO: [USF-XSim-61] Executing 'COMPILE and ANALYZE' step in 'D:/ProgrammingMonkey/diglogic/memory_w_r/memory_w_r.sim/sim_1/behav/xsim'
"xvlog --incr --relax -prj testbench_vlog.prj"
INFO: [VRFC 10-2263] Analyzing Verilog file "D:/ProgrammingMonkey/diglogic/memory_w_r/memory_w_r.srcs/sources_1/ip/led_mem/sim/led_mem.v" into library xil_defaultlib
INFO: [VRFC 10-311] analyzing module led_mem
INFO: [VRFC 10-2263] Analyzing Verilog file "D:/ProgrammingMonkey/diglogic/memory_w_r/memory_w_r.srcs/sources_1/ip/clk_div/clk_div_clk_wiz.v" into library xil_defaultlib
INFO: [VRFC 10-311] analyzing module clk_div_clk_wiz
INFO: [VRFC 10-2263] Analyzing Verilog file "D:/ProgrammingMonkey/diglogic/memory_w_r/memory_w_r.srcs/sources_1/ip/clk_div/clk_div.v" into library xil_defaultlib
INFO: [VRFC 10-311] analyzing module clk_div
INFO: [VRFC 10-2263] Analyzing Verilog file "D:/ProgrammingMonkey/diglogic/memory_w_r/memory_top.v" into library xil_defaultlib
INFO: [VRFC 10-311] analyzing module memory_top
INFO: [VRFC 10-2263] Analyzing Verilog file "D:/ProgrammingMonkey/diglogic/memory_w_r/memory_w_r.srcs/sources_1/new/memory_w_r.v" into library xil_defaultlib
INFO: [VRFC 10-311] analyzing module memory_w_r
INFO: [VRFC 10-2263] Analyzing Verilog file "D:/ProgrammingMonkey/diglogic/memory_w_r/testbench.v" into library xil_defaultlib
INFO: [VRFC 10-311] analyzing module testbench
INFO: [VRFC 10-2263] Analyzing Verilog file "D:/ProgrammingMonkey/diglogic/memory_w_r/memory_w_r.sim/sim_1/behav/xsim/glbl.v" into library xil_defaultlib
INFO: [VRFC 10-311] analyzing module glbl
INFO: [USF-XSim-69] 'compile' step finished in '2' seconds
INFO: [USF-XSim-3] XSim::Elaborate design
INFO: [USF-XSim-61] Executing 'ELABORATE' step in 'D:/ProgrammingMonkey/diglogic/memory_w_r/memory_w_r.sim/sim_1/behav/xsim'
Vivado Simulator 2018.3
Copyright 1986-1999, 2001-2018 Xilinx, Inc. All Rights Reserved.
Running: D:/Vivado2018_3/Vivado/2018.3/bin/unwrapped/win64.o/xelab.exe -wto c8c3678dac934b1eac5818e9e8984712 --incr --debug typical --relax --mt 2 -L blk_mem_gen_v8_4_2 -L xil_defaultlib -L unisims_ver -L unimacro_ver -L secureip -L xpm --snapshot testbench_behav xil_defaultlib.testbench xil_defaultlib.glbl -log elaborate.log 
Using 2 slave threads.
WARNING: [XSIM 43-3431] One or more environment variables have been detected which affect the operation of the C compiler. These are typically not set in standard installations and are not tested by Xilinx, however they may be appropriate for your system, so the flow will attempt to continue.  If errors occur, try running xelab with the "-mt off -v 1" switches to see more information from the C compiler. The following environment variables have been detected:
    C_INCLUDE_PATH
Starting static elaboration
ERROR: [VRFC 10-3180] cannot find port 'clk' on this module [D:/ProgrammingMonkey/diglogic/memory_w_r/memory_top.v:33]
ERROR: [XSIM 43-3322] Static elaboration of top level Verilog design unit(s) in library work failed.
INFO: [USF-XSim-69] 'elaborate' step finished in '1' seconds
INFO: [USF-XSim-99] Step results log file:'D:/ProgrammingMonkey/diglogic/memory_w_r/memory_w_r.sim/sim_1/behav/xsim/elaborate.log'
ERROR: [USF-XSim-62] 'elaborate' step failed with error(s). Please check the Tcl console output or 'D:/ProgrammingMonkey/diglogic/memory_w_r/memory_w_r.sim/sim_1/behav/xsim/elaborate.log' file for more information.
ERROR: [Vivado 12-4473] Detected error while running simulation. Please correct the issue and retry this operation.
launch_simulation: Time (s): cpu = 00:00:02 ; elapsed = 00:00:06 . Memory (MB): peak = 710.902 ; gain = 0.234
ERROR: [Common 17-39] 'launch_simulation' failed due to earlier errors.
launch_simulation
INFO: [Vivado 12-5698] Checking validity of IPs in the design for the 'XSim' simulator...
INFO: [Vivado 12-5682] Launching behavioral simulation in 'D:/ProgrammingMonkey/diglogic/memory_w_r/memory_w_r.sim/sim_1/behav/xsim'
INFO: [Vivado 12-4795] Using compiled simulation libraries for IPs
INFO: [SIM-utils-51] Simulation object is 'sim_1'
INFO: [USF-XSim-7] Finding pre-compiled libraries...
INFO: [USF-XSim-11] File 'D:/Vivado2018_3/Vivado/2018.3/data/xsim/xsim.ini' copied to run dir:'D:/ProgrammingMonkey/diglogic/memory_w_r/memory_w_r.sim/sim_1/behav/xsim'
INFO: [SIM-utils-54] Inspecting design source files for 'testbench' in fileset 'sim_1'...
INFO: [USF-XSim-97] Finding global include files...
INFO: [USF-XSim-98] Fetching design files from 'sim_1'...
INFO: [USF-XSim-2] XSim::Compile design
INFO: [USF-XSim-61] Executing 'COMPILE and ANALYZE' step in 'D:/ProgrammingMonkey/diglogic/memory_w_r/memory_w_r.sim/sim_1/behav/xsim'
"xvlog --incr --relax -prj testbench_vlog.prj"
INFO: [VRFC 10-2263] Analyzing Verilog file "D:/ProgrammingMonkey/diglogic/memory_w_r/memory_w_r.srcs/sources_1/ip/led_mem/sim/led_mem.v" into library xil_defaultlib
INFO: [VRFC 10-311] analyzing module led_mem
INFO: [VRFC 10-2263] Analyzing Verilog file "D:/ProgrammingMonkey/diglogic/memory_w_r/memory_w_r.srcs/sources_1/ip/clk_div/clk_div_clk_wiz.v" into library xil_defaultlib
INFO: [VRFC 10-311] analyzing module clk_div_clk_wiz
INFO: [VRFC 10-2263] Analyzing Verilog file "D:/ProgrammingMonkey/diglogic/memory_w_r/memory_w_r.srcs/sources_1/ip/clk_div/clk_div.v" into library xil_defaultlib
INFO: [VRFC 10-311] analyzing module clk_div
INFO: [VRFC 10-2263] Analyzing Verilog file "D:/ProgrammingMonkey/diglogic/memory_w_r/memory_top.v" into library xil_defaultlib
INFO: [VRFC 10-311] analyzing module memory_top
INFO: [VRFC 10-2263] Analyzing Verilog file "D:/ProgrammingMonkey/diglogic/memory_w_r/memory_w_r.srcs/sources_1/new/memory_w_r.v" into library xil_defaultlib
INFO: [VRFC 10-311] analyzing module memory_w_r
INFO: [VRFC 10-2263] Analyzing Verilog file "D:/ProgrammingMonkey/diglogic/memory_w_r/testbench.v" into library xil_defaultlib
INFO: [VRFC 10-311] analyzing module testbench
INFO: [USF-XSim-69] 'compile' step finished in '1' seconds
INFO: [USF-XSim-3] XSim::Elaborate design
INFO: [USF-XSim-61] Executing 'ELABORATE' step in 'D:/ProgrammingMonkey/diglogic/memory_w_r/memory_w_r.sim/sim_1/behav/xsim'
Vivado Simulator 2018.3
Copyright 1986-1999, 2001-2018 Xilinx, Inc. All Rights Reserved.
Running: D:/Vivado2018_3/Vivado/2018.3/bin/unwrapped/win64.o/xelab.exe -wto c8c3678dac934b1eac5818e9e8984712 --incr --debug typical --relax --mt 2 -L blk_mem_gen_v8_4_2 -L xil_defaultlib -L unisims_ver -L unimacro_ver -L secureip -L xpm --snapshot testbench_behav xil_defaultlib.testbench xil_defaultlib.glbl -log elaborate.log 
Using 2 slave threads.
WARNING: [XSIM 43-3431] One or more environment variables have been detected which affect the operation of the C compiler. These are typically not set in standard installations and are not tested by Xilinx, however they may be appropriate for your system, so the flow will attempt to continue.  If errors occur, try running xelab with the "-mt off -v 1" switches to see more information from the C compiler. The following environment variables have been detected:
    C_INCLUDE_PATH
Starting static elaboration
Completed static elaboration
Starting simulation data flow analysis
Completed simulation data flow analysis
Time Resolution for simulation is 1ps
Compiling module unisims_ver.IBUF
Compiling module unisims_ver.PLLE2_ADV(CLKFBOUT_MULT=41,CLKIN...
Compiling module unisims_ver.BUFG
Compiling module xil_defaultlib.clk_div_clk_wiz
Compiling module xil_defaultlib.clk_div
Compiling module blk_mem_gen_v8_4_2.blk_mem_gen_v8_4_2_output_stage(...
Compiling module blk_mem_gen_v8_4_2.blk_mem_gen_v8_4_2_output_stage(...
Compiling module blk_mem_gen_v8_4_2.blk_mem_gen_v8_4_2_softecc_outpu...
Compiling module blk_mem_gen_v8_4_2.blk_mem_gen_v8_4_2_mem_module(C_...
Compiling module blk_mem_gen_v8_4_2.blk_mem_gen_v8_4_2(C_FAMILY="art...
Compiling module xil_defaultlib.led_mem
Compiling module xil_defaultlib.memory_w_r
Compiling module xil_defaultlib.memory_top
Compiling module xil_defaultlib.testbench
Compiling module xil_defaultlib.glbl
Built simulation snapshot testbench_behav
INFO: [USF-XSim-69] 'elaborate' step finished in '4' seconds
INFO: [USF-XSim-4] XSim::Simulate design
INFO: [USF-XSim-61] Executing 'SIMULATE' step in 'D:/ProgrammingMonkey/diglogic/memory_w_r/memory_w_r.sim/sim_1/behav/xsim'
INFO: [USF-XSim-98] *** Running xsim
   with args "testbench_behav -key {Behavioral:sim_1:Functional:testbench} -tclbatch {testbench.tcl} -log {simulate.log}"
INFO: [USF-XSim-8] Loading simulator feature
Vivado Simulator 2018.3
Time resolution is 1 ps
source testbench.tcl
# set curr_wave [current_wave_config]
# if { [string length $curr_wave] == 0 } {
#   if { [llength [get_objects]] > 0} {
#     add_wave /
#     set_property needs_save false [current_wave_config]
#   } else {
#      send_msg_id Add_Wave-1 WARNING "No top level signals found. Simulator will start without a wave window. If you want to open a wave window go to 'File->New Waveform Configuration' or type 'create_wave_config' in the TCL console."
#   }
# }
# run 10000000ns
Block Memory Generator module testbench.u_memory_top.u_led_mem.inst.native_mem_module.blk_mem_gen_v8_4_2_inst is using a behavioral model for simulation which will not precisely model memory collision behavior.
index e finished
====================================
Test end!
----PASS!!!
$finish called at time : 9895 ns : File "D:/ProgrammingMonkey/diglogic/memory_w_r/testbench.v" Line 117
INFO: [USF-XSim-96] XSim completed. Design snapshot 'testbench_behav' loaded.
INFO: [USF-XSim-97] XSim simulation ran for 10000000ns
launch_simulation: Time (s): cpu = 00:00:08 ; elapsed = 00:00:11 . Memory (MB): peak = 797.492 ; gain = 31.727
run 10 ms
index e finished
====================================
Test end!
----PASS!!!
$finish called at time : 11495 ns : File "D:/ProgrammingMonkey/diglogic/memory_w_r/testbench.v" Line 117
launch_runs synth_1 -jobs 4
[Tue Nov 23 09:50:28 2021] Launched synth_1...
Run output will be captured here: D:/ProgrammingMonkey/diglogic/memory_w_r/memory_w_r.runs/synth_1/runme.log
launch_runs impl_1 -jobs 4
[Tue Nov 23 09:51:13 2021] Launched impl_1...
Run output will be captured here: D:/ProgrammingMonkey/diglogic/memory_w_r/memory_w_r.runs/impl_1/runme.log
launch_runs impl_1 -to_step write_bitstream -jobs 4
[Tue Nov 23 09:52:36 2021] Launched impl_1...
Run output will be captured here: D:/ProgrammingMonkey/diglogic/memory_w_r/memory_w_r.runs/impl_1/runme.log
open_hw
connect_hw_server
INFO: [Labtools 27-2285] Connecting to hw_server url TCP:localhost:3121
INFO: [Labtools 27-2222] Launching hw_server...
INFO: [Labtools 27-2221] Launch Output:

****** Xilinx hw_server v2018.3
  **** Build date : Dec  7 2018-00:40:27
    ** Copyright 1986-2018 Xilinx, Inc. All Rights Reserved.


disconnect_hw_server localhost:3121
connect_hw_server
INFO: [Labtools 27-2285] Connecting to hw_server url TCP:localhost:3121
ERROR: [Labtoolstcl 44-494] There is no active target available for server at localhost.
 Targets(s) ", jsn1" may be locked by another hw_server.
close_sim
INFO: [Simtcl 6-16] Simulation closed
close_sim: Time (s): cpu = 00:00:02 ; elapsed = 00:00:05 . Memory (MB): peak = 802.152 ; gain = 0.000
exit
INFO: [Common 17-206] Exiting Vivado at Tue Nov 23 09:55:45 2021...
