#-----------------------------------------------------------
# Vivado v2018.3 (64-bit)
# SW Build 2405991 on Thu Dec  6 23:38:27 MST 2018
# IP Build 2404404 on Fri Dec  7 01:43:56 MST 2018
# Start of session at: Mon Nov 22 20:43:03 2021
# Process ID: 3412
# Current directory: C:/Users/Administrator/Desktop/led_display_ctrl
# Command line: vivado.exe -gui_launcher_event rodinguilauncherevent10224 C:\Users\Administrator\Desktop\led_display_ctrl\led_display_ctrl.xpr
# Log file: C:/Users/Administrator/Desktop/led_display_ctrl/vivado.log
# Journal file: C:/Users/Administrator/Desktop/led_display_ctrl\vivado.jou
#-----------------------------------------------------------
start_gui
open_project C:/Users/Administrator/Desktop/led_display_ctrl/led_display_ctrl.xpr
CRITICAL WARNING: [Project 1-19] Could not find the file 'C:/Users/Administrator/Desktop/led_display_ctrl.v'.
CRITICAL WARNING: [Project 1-19] Could not find the file 'C:/Users/Administrator/Desktop/testbench.v'.
Scanning sources...
Finished scanning sources
INFO: [IP_Flow 19-234] Refreshing IP repositories
INFO: [IP_Flow 19-1704] No user IP repositories specified
INFO: [IP_Flow 19-2313] Loaded Vivado IP repository 'C:/Xilinx/Vivado/2018.3/data/ip'.
update_compile_order -fileset sources_1
export_ip_user_files -of_objects  [get_files C:/Users/Administrator/Desktop/led_display_ctrl.v] -no_script -reset -force -quiet
remove_files  C:/Users/Administrator/Desktop/led_display_ctrl.v
add_files -norecurse C:/Users/Administrator/Desktop/led_display_ctrl/led_display_ctrl.v
export_ip_user_files -of_objects  [get_files C:/Users/Administrator/Desktop/testbench.v] -no_script -reset -force -quiet
remove_files  -fileset sim_1 C:/Users/Administrator/Desktop/testbench.v
set_property SOURCE_SET sources_1 [get_filesets sim_1]
add_files -fileset sim_1 -norecurse C:/Users/Administrator/Desktop/led_display_ctrl/testbench.v
update_compile_order -fileset sim_1
update_compile_order -fileset sim_1
launch_simulation
INFO: [Vivado 12-5682] Launching behavioral simulation in 'C:/Users/Administrator/Desktop/led_display_ctrl/led_display_ctrl.sim/sim_1/behav/xsim'
INFO: [SIM-utils-51] Simulation object is 'sim_1'
INFO: [SIM-utils-54] Inspecting design source files for 'testbench' in fileset 'sim_1'...
INFO: [USF-XSim-97] Finding global include files...
INFO: [USF-XSim-98] Fetching design files from 'sim_1'...
INFO: [USF-XSim-2] XSim::Compile design
INFO: [USF-XSim-61] Executing 'COMPILE and ANALYZE' step in 'C:/Users/Administrator/Desktop/led_display_ctrl/led_display_ctrl.sim/sim_1/behav/xsim'
"xvlog --incr --relax -prj testbench_vlog.prj"
INFO: [VRFC 10-2263] Analyzing Verilog file "C:/Users/Administrator/Desktop/led_display_ctrl/led_display_ctrl.v" into library xil_defaultlib
INFO: [VRFC 10-311] analyzing module led_display_ctrl
ERROR: [VRFC 10-1412] syntax error near end [C:/Users/Administrator/Desktop/led_display_ctrl/led_display_ctrl.v:26]
ERROR: [VRFC 10-2790] Verilog 2000 keyword end used in incorrect context [C:/Users/Administrator/Desktop/led_display_ctrl/led_display_ctrl.v:26]
ERROR: [VRFC 10-2865] module 'led_display_ctrl' ignored due to previous errors [C:/Users/Administrator/Desktop/led_display_ctrl/led_display_ctrl.v:1]
INFO: [USF-XSim-69] 'compile' step finished in '1' seconds
INFO: [USF-XSim-99] Step results log file:'C:/Users/Administrator/Desktop/led_display_ctrl/led_display_ctrl.sim/sim_1/behav/xsim/xvlog.log'
ERROR: [USF-XSim-62] 'compile' step failed with error(s). Please check the Tcl console output or 'C:/Users/Administrator/Desktop/led_display_ctrl/led_display_ctrl.sim/sim_1/behav/xsim/xvlog.log' file for more information.
ERROR: [Vivado 12-4473] Detected error while running simulation. Please correct the issue and retry this operation.
ERROR: [Common 17-39] 'launch_simulation' failed due to earlier errors.
export_ip_user_files -of_objects  [get_files C:/Users/Administrator/Desktop/led_display_ctrl/led_display_ctrl.v] -no_script -reset -force -quiet
remove_files  C:/Users/Administrator/Desktop/led_display_ctrl/led_display_ctrl.v
set_property SOURCE_SET sources_1 [get_filesets sim_1]
add_files -fileset sim_1 -norecurse C:/Users/Administrator/Desktop/led_display_ctrl/led_display_ctrl.v
update_compile_order -fileset sim_1
add_files -norecurse C:/Users/Administrator/Desktop/led_display_ctrl/led_display_ctrl.v
exit
INFO: [Common 17-206] Exiting Vivado at Mon Nov 22 23:00:41 2021...
