#-----------------------------------------------------------
# Vivado v2018.3 (64-bit)
# SW Build 2405991 on Thu Dec  6 23:38:27 MST 2018
# IP Build 2404404 on Fri Dec  7 01:43:56 MST 2018
# Start of session at: Thu Nov 11 11:03:56 2021
# Process ID: 22520
# Current directory: D:/ProgrammingMonkey/diglogic/flowing_water_lights
# Command line: vivado.exe -gui_launcher_event rodinguilauncherevent6816 D:\ProgrammingMonkey\diglogic\flowing_water_lights\flowing_water_lights.xpr
# Log file: D:/ProgrammingMonkey/diglogic/flowing_water_lights/vivado.log
# Journal file: D:/ProgrammingMonkey/diglogic/flowing_water_lights\vivado.jou
#-----------------------------------------------------------
start_gui
open_project D:/ProgrammingMonkey/diglogic/flowing_water_lights/flowing_water_lights.xpr
Scanning sources...
Finished scanning sources
INFO: [IP_Flow 19-234] Refreshing IP repositories
INFO: [IP_Flow 19-1704] No user IP repositories specified
INFO: [IP_Flow 19-2313] Loaded Vivado IP repository 'D:/Vivado2018_3/Vivado/2018.3/data/ip'.
open_project: Time (s): cpu = 00:00:14 ; elapsed = 00:00:05 . Memory (MB): peak = 687.129 ; gain = 77.809
update_compile_order -fileset sources_1
export_ip_user_files -of_objects  [get_files D:/ProgrammingMonkey/diglogic/flowing_water_lights/flowing_water_lights/flowing_water_lights.v] -no_script -reset -force -quiet
remove_files  D:/ProgrammingMonkey/diglogic/flowing_water_lights/flowing_water_lights/flowing_water_lights.v
add_files -norecurse C:/Users/HUAWEI/Desktop/flowing_water_lights.v
reset_run synth_1
launch_runs impl_1 -to_step write_bitstream -jobs 4
[Thu Nov 11 11:05:04 2021] Launched synth_1...
Run output will be captured here: D:/ProgrammingMonkey/diglogic/flowing_water_lights/flowing_water_lights.runs/synth_1/runme.log
[Thu Nov 11 11:05:04 2021] Launched impl_1...
Run output will be captured here: D:/ProgrammingMonkey/diglogic/flowing_water_lights/flowing_water_lights.runs/impl_1/runme.log
open_hw
connect_hw_server
INFO: [Labtools 27-2285] Connecting to hw_server url TCP:localhost:3121
INFO: [Labtools 27-2222] Launching hw_server...
INFO: [Labtools 27-2221] Launch Output:

****** Xilinx hw_server v2018.3
  **** Build date : Dec  7 2018-00:40:27
    ** Copyright 1986-2018 Xilinx, Inc. All Rights Reserved.


ERROR: [Labtoolstcl 44-494] There is no active target available for server at localhost.
 Targets(s) ", jsn1" may be locked by another hw_server.
exit
INFO: [Common 17-206] Exiting Vivado at Thu Nov 11 11:08:18 2021...
