Copyright 1986-2018 Xilinx, Inc. All Rights Reserved.
---------------------------------------------------------------------------------------
| Tool Version : Vivado v.2018.3 (win64) Build 2405991 Thu Dec  6 23:38:27 MST 2018
| Date         : Tue Nov 23 10:50:32 2021
| Host         : LAPTOP-8MH5598O running 64-bit major release  (build 9200)
| Command      : report_control_sets -verbose -file memory_top_control_sets_placed.rpt
| Design       : memory_top
| Device       : xc7a100t
---------------------------------------------------------------------------------------

Control Set Information

Table of Contents
-----------------
1. Summary
2. Histogram
3. Flip-Flop Distribution
4. Detailed Control Set Information

1. Summary
----------

+----------------------------------------------------------+-------+
|                          Status                          | Count |
+----------------------------------------------------------+-------+
| Number of unique control sets                            |     7 |
| Unused register locations in slices containing registers |    26 |
+----------------------------------------------------------+-------+


2. Histogram
------------

+--------+--------------+
| Fanout | Control Sets |
+--------+--------------+
|      1 |            2 |
|      4 |            1 |
|      7 |            1 |
|    16+ |            3 |
+--------+--------------+


3. Flip-Flop Distribution
-------------------------

+--------------+-----------------------+------------------------+-----------------+--------------+
| Clock Enable | Synchronous Set/Reset | Asynchronous Set/Reset | Total Registers | Total Slices |
+--------------+-----------------------+------------------------+-----------------+--------------+
| No           | No                    | No                     |               0 |            0 |
| No           | No                    | Yes                    |               7 |            2 |
| No           | Yes                   | No                     |               0 |            0 |
| Yes          | No                    | No                     |               0 |            0 |
| Yes          | No                    | Yes                    |              63 |           20 |
| Yes          | Yes                   | No                     |               0 |            0 |
+--------------+-----------------------+------------------------+-----------------+--------------+


4. Detailed Control Set Information
-----------------------------------

+--------------------------+--------------------------------+------------------+------------------+----------------+
|       Clock Signal       |          Enable Signal         | Set/Reset Signal | Slice Load Count | Bel Load Count |
+--------------------------+--------------------------------+------------------+------------------+----------------+
|  u_clk_div/inst/clk_out1 | u_memory_w_r/eaflag[1]_i_1_n_0 | rst_IBUF         |                1 |              1 |
|  u_clk_div/inst/clk_out1 | button_IBUF                    | rst_IBUF         |                1 |              1 |
|  u_clk_div/inst/clk_out1 | u_memory_w_r/addra[3]_i_1_n_0  | rst_IBUF         |                1 |              4 |
|  u_clk_div/inst/clk_out1 |                                | rst_IBUF         |                2 |              7 |
|  u_clk_div/inst/clk_out1 | u_memory_w_r/dina[15]_i_1_n_0  | rst_IBUF         |                4 |             16 |
|  u_clk_div/inst/clk_out1 | u_memory_w_r/led               | rst_IBUF         |                6 |             16 |
|  u_clk_div/inst/clk_out1 | u_memory_w_r/cnt[0]_i_1_n_0    | rst_IBUF         |                7 |             25 |
+--------------------------+--------------------------------+------------------+------------------+----------------+


