#-----------------------------------------------------------
# Vivado v2018.3 (64-bit)
# SW Build 2405991 on Thu Dec  6 23:38:27 MST 2018
# IP Build 2404404 on Fri Dec  7 01:43:56 MST 2018
# Start of session at: Wed Dec 22 12:08:25 2021
# Process ID: 2160
# Current directory: E:/calculator_hex
# Command line: vivado.exe -gui_launcher_event rodinguilauncherevent13924 E:\calculator_hex\calculator_hex.xpr
# Log file: E:/calculator_hex/vivado.log
# Journal file: E:/calculator_hex\vivado.jou
#-----------------------------------------------------------
start_gui
open_project E:/calculator_hex/calculator_hex.xpr
Scanning sources...
Finished scanning sources
INFO: [IP_Flow 19-234] Refreshing IP repositories
INFO: [IP_Flow 19-1704] No user IP repositories specified
INFO: [IP_Flow 19-2313] Loaded Vivado IP repository 'D:/Vivado2018_3/Vivado/2018.3/data/ip'.
open_project: Time (s): cpu = 00:00:14 ; elapsed = 00:00:07 . Memory (MB): peak = 704.504 ; gain = 86.887
update_compile_order -fileset sources_1
exit
INFO: [Common 17-206] Exiting Vivado at Wed Dec 22 12:14:13 2021...
