#-----------------------------------------------------------
# Vivado v2018.3 (64-bit)
# SW Build 2405991 on Thu Dec  6 23:38:27 MST 2018
# IP Build 2404404 on Fri Dec  7 01:43:56 MST 2018
# Start of session at: Tue Nov  2 23:08:51 2021
# Process ID: 10176
# Current directory: C:/Users/HUAWEI/Desktop/logisim/decorder_38
# Command line: vivado.exe -gui_launcher_event rodinguilauncherevent13168 C:\Users\HUAWEI\Desktop\logisim\decorder_38\decorder_38.xpr
# Log file: C:/Users/HUAWEI/Desktop/logisim/decorder_38/vivado.log
# Journal file: C:/Users/HUAWEI/Desktop/logisim/decorder_38\vivado.jou
#-----------------------------------------------------------
start_gui
open_project C:/Users/HUAWEI/Desktop/logisim/decorder_38/decorder_38.xpr
CRITICAL WARNING: [Project 1-19] Could not find the file 'C:/Users/HUAWEI/Desktop/logisim/38ÒëÂëÆ÷/decoder_38/decoder_38.v'.
CRITICAL WARNING: [Project 1-19] Could not find the file 'C:/Users/HUAWEI/Desktop/logisim/38ÒëÂëÆ÷/decoder_38/testbench.v'.
Scanning sources...
Finished scanning sources
INFO: [IP_Flow 19-234] Refreshing IP repositories
INFO: [IP_Flow 19-1704] No user IP repositories specified
INFO: [IP_Flow 19-2313] Loaded Vivado IP repository 'D:/Vivado2018_3/Vivado/2018.3/data/ip'.
INFO: [Common 17-41] Interrupt caught. Command should exit soon.
INFO: [Common 17-344] 'open_project' was cancelled
exit
INFO: [Common 17-206] Exexit
INFO: [Common 17-206] Exiting Vivado at Tue Nov  2 23:10:58 2021...
