Copyright 1986-2018 Xilinx, Inc. All Rights Reserved.
-------------------------------------------------------------------------------------------
| Tool Version : Vivado v.2018.3 (win64) Build 2405991 Thu Dec  6 23:38:27 MST 2018
| Date         : Wed Dec 22 13:51:24 2021
| Host         : PA25 running 64-bit major release  (build 9200)
| Command      : report_control_sets -verbose -file calculator_top_control_sets_placed.rpt
| Design       : calculator_top
| Device       : xc7a100t
-------------------------------------------------------------------------------------------

Control Set Information

Table of Contents
-----------------
1. Summary
2. Histogram
3. Flip-Flop Distribution
4. Detailed Control Set Information

1. Summary
----------

+----------------------------------------------------------+-------+
|                          Status                          | Count |
+----------------------------------------------------------+-------+
| Number of unique control sets                            |     7 |
| Unused register locations in slices containing registers |    29 |
+----------------------------------------------------------+-------+


2. Histogram
------------

+--------+--------------+
| Fanout | Control Sets |
+--------+--------------+
|      1 |            2 |
|     11 |            1 |
|    16+ |            4 |
+--------+--------------+


3. Flip-Flop Distribution
-------------------------

+--------------+-----------------------+------------------------+-----------------+--------------+
| Clock Enable | Synchronous Set/Reset | Asynchronous Set/Reset | Total Registers | Total Slices |
+--------------+-----------------------+------------------------+-----------------+--------------+
| No           | No                    | No                     |               0 |            0 |
| No           | No                    | Yes                    |               1 |            1 |
| No           | Yes                   | No                     |              11 |            2 |
| Yes          | No                    | No                     |               0 |            0 |
| Yes          | No                    | Yes                    |              70 |           30 |
| Yes          | Yes                   | No                     |              33 |            9 |
+--------------+-----------------------+------------------------+-----------------+--------------+


4. Detailed Control Set Information
-----------------------------------

+--------------------------+--------------------------------------+--------------------------------------+------------------+----------------+
|       Clock Signal       |             Enable Signal            |           Set/Reset Signal           | Slice Load Count | Bel Load Count |
+--------------------------+--------------------------------------+--------------------------------------+------------------+----------------+
|  u_clk_div/inst/clk_out1 |                                      | rst_IBUF                             |                1 |              1 |
|  u_clk_div/inst/clk_out1 | button_IBUF                          | rst_IBUF                             |                1 |              1 |
|  u_clk_div/inst/clk_out1 |                                      | u_calculator_display/p_0_in          |                2 |             11 |
|  u_clk_div/inst/clk_out1 | u_calculator_display/led_en0         | rst_IBUF                             |                6 |             16 |
|  u_clk_div/inst/clk_out1 | u_calculator_hex/cnt[20]_i_1_n_0     | rst_IBUF                             |                6 |             21 |
|  u_clk_div/inst/clk_out1 | u_calculator_hex/result[31]_i_1_n_0  | rst_IBUF                             |               17 |             32 |
|  u_clk_div/inst/clk_out1 | u_calculator_display/cnt[32]_i_2_n_0 | u_calculator_display/cnt[32]_i_1_n_0 |                9 |             33 |
+--------------------------+--------------------------------------+--------------------------------------+------------------+----------------+


